<?xml version="1.0" encoding="UTF-8"?>
<!-- Generated by org.testng.reporters.JUnitReportReporter -->
<testsuite hostname="LAPTOP-2NA4FFI8" failures="0" tests="2" name="MindQ.SeleniumTestngFrameworkJune.SecondLaunch" time="0.008" errors="0" timestamp="2022-07-21T08:29:56 IST" skipped="0">
  <testcase classname="MindQ.SeleniumTestngFrameworkJune.SecondLaunch" name="signupUsingPhone" time="0.003"/>
  <system-out/>
  <testcase classname="MindQ.SeleniumTestngFrameworkJune.SecondLaunch" name="signupUsingEmail" time="0.005"/>
  <system-out/>
</testsuite> <!-- MindQ.SeleniumTestngFrameworkJune.SecondLaunch -->
