<?xml version="1.0" encoding="UTF-8"?>
<!-- Generated by org.testng.reporters.JUnitReportReporter -->
<testsuite hostname="LAPTOP-2NA4FFI8" failures="0" tests="1" name="MindQ.SeleniumTestngFrameworkJune.PageFactoryTest" time="0.210" errors="0" timestamp="2022-07-21T19:27:11 IST" skipped="0">
  <testcase classname="MindQ.SeleniumTestngFrameworkJune.PageFactoryTest" name="loginUsingInvalidCredentials" time="0.210"/>
  <system-out/>
</testsuite> <!-- MindQ.SeleniumTestngFrameworkJune.PageFactoryTest -->
