<?xml version="1.0" encoding="UTF-8"?>
<!-- Generated by org.testng.reporters.JUnitReportReporter -->
<testsuite hostname="LAPTOP-2NA4FFI8" failures="0" tests="1" name="MindQ.SeleniumTestngFrameworkJune.LoginTestCaseUsingPageFactory" time="2.059" errors="0" timestamp="2022-07-22T08:48:54 IST" skipped="0">
  <testcase classname="MindQ.SeleniumTestngFrameworkJune.LoginTestCaseUsingPageFactory" name="loginUsingInValidCredentials" time="2.059"/>
  <system-out/>
</testsuite> <!-- MindQ.SeleniumTestngFrameworkJune.LoginTestCaseUsingPageFactory -->
