<?xml version="1.0" encoding="UTF-8"?>
<!-- Generated by org.testng.reporters.JUnitReportReporter -->
<testsuite hostname="LAPTOP-2NA4FFI8" failures="0" tests="6" name="MindQ.SeleniumTestngFrameworkJune.FirstLaunch" time="0.025" errors="0" timestamp="2022-07-24T20:18:28 IST" skipped="0">
  <testcase classname="MindQ.SeleniumTestngFrameworkJune.FirstLaunch" name="loginUsingValidData" time="0.012"/>
  <system-out/>
  <testcase classname="MindQ.SeleniumTestngFrameworkJune.FirstLaunch" name="loginUsingValidData" time="0.003"/>
  <system-out/>
  <testcase classname="MindQ.SeleniumTestngFrameworkJune.FirstLaunch" name="loginUsingValidData" time="0.002"/>
  <system-out/>
  <testcase classname="MindQ.SeleniumTestngFrameworkJune.FirstLaunch" name="loginUsingValidData" time="0.003"/>
  <system-out/>
  <testcase classname="MindQ.SeleniumTestngFrameworkJune.FirstLaunch" name="loginUsingInValidData" time="0.003"/>
  <system-out/>
  <testcase classname="MindQ.SeleniumTestngFrameworkJune.FirstLaunch" name="loginUsingInValidData" time="0.002"/>
  <system-out/>
</testsuite> <!-- MindQ.SeleniumTestngFrameworkJune.FirstLaunch -->
