<?xml version="1.0" encoding="UTF-8"?>
<!-- Generated by org.testng.reporters.JUnitReportReporter -->
<testsuite hostname="LAPTOP-2NA4FFI8" failures="0" tests="1" name="MindQ.SeleniumTestngFrameworkJune.LoginTestCases" time="3.085" errors="0" timestamp="2022-08-03T17:08:24 IST" skipped="0">
  <testcase classname="MindQ.SeleniumTestngFrameworkJune.LoginTestCases" name="loginUsingInvalidCredentials" time="3.085"/>
  <system-out/>
</testsuite> <!-- MindQ.SeleniumTestngFrameworkJune.LoginTestCases -->
